<?xml version="1.0" encoding="UTF-8"?>
<testng-results ignored="0" total="1" passed="1" failed="0" skipped="0">
  <reporter-output>
  </reporter-output>
  <suite started-at="2022-06-20T21:55:33 IST" name="Default suite" finished-at="2022-06-20T21:55:37 IST" duration-ms="3920">
    <groups>
    </groups>
    <test started-at="2022-06-20T21:55:33 IST" name="Default test" finished-at="2022-06-20T21:55:37 IST" duration-ms="3920">
      <class name="com.Test.Test_3waits">
        <test-method signature="test_001()[pri:0, instance:com.Test.Test_3waits@3835c46]" started-at="2022-06-20T21:55:33 IST" name="test_001" finished-at="2022-06-20T21:55:37 IST" duration-ms="3878" status="PASS">
          <reporter-output>
          </reporter-output>
        </test-method> <!-- test_001 -->
      </class> <!-- com.Test.Test_3waits -->
    </test> <!-- Default test -->
  </suite> <!-- Default suite -->
</testng-results>
